URI Segments: Array
(
    [0] => simple-api
    [1] => api
    [2] => products
)

URI Segments: Array
(
    [0] => simple-api
    [1] => api
    [2] => products
)

URI Segments: Array
(
    [0] => simple-api
    [1] => api
    [2] => products
)

URI Segments: Array
(
    [0] => simple-api
    [1] => api
    [2] => comments
)

URI Segments: Array
(
    [0] => simple-api
    [1] => api
    [2] => wishlist
)

URI Segments: Array
(
    [0] => simple-api
    [1] => api
    [2] => wishlist
    [3] => 1
)

URI Segments: Array
(
    [0] => simple-api
    [1] => api
    [2] => wishlist
    [3] => 2
)

URI Segments: Array
(
    [0] => simple-api
    [1] => api
    [2] => wishlist
)

URI Segments: Array
(
    [0] => simple-api
    [1] => api
    [2] => wishlist
)

URI Segments: Array
(
    [0] => simple-api
    [1] => api
    [2] => wishlist
)

URI Segments: Array
(
    [0] => simple-api
    [1] => api
    [2] => wishlist
)

URI Segments: Array
(
    [0] => simple-api
    [1] => api
    [2] => wishlist
)

URI Segments: Array
(
    [0] => simple-api
    [1] => api
    [2] => wishlist
)

URI Segments: Array
(
    [0] => simple-api
    [1] => api
    [2] => wishlist
)

URI Segments: Array
(
    [0] => simple-api
    [1] => api
    [2] => wishlist
)

URI Segments: Array
(
    [0] => simple-api
    [1] => api
    [2] => wishlist
)

URI Segments: Array
(
    [0] => simple-api
    [1] => api
    [2] => wishlist
)

URI Segments: Array
(
    [0] => simple-api
    [1] => api
    [2] => wishlist
)

URI Segments: Array
(
    [0] => simple-api
    [1] => api
    [2] => wishlist
)

URI Segments: Array
(
    [0] => simple-api
    [1] => api
    [2] => wishlist
)

URI Segments: Array
(
    [0] => simple-api
    [1] => api
    [2] => wishlist
)

URI Segments: Array
(
    [0] => simple-api
    [1] => api
    [2] => wishlist
)

URI Segments: Array
(
    [0] => simple-api
    [1] => api
    [2] => wishlist
)

